#-----------------------------------------------------------
# Vivado v2019.2 (64-bit)
# SW Build 2708876 on Wed Nov  6 21:40:23 MST 2019
# IP Build 2700528 on Thu Nov  7 00:09:20 MST 2019
# Start of session at: Wed Mar  4 11:21:42 2020
# Process ID: 20848
# Current directory: C:/Users/Zach/Desktop/Work/School/Digital Electronics/VHDL Stuff/project_3/project_3b
# Command line: vivado.exe -gui_launcher_event rodinguilauncherevent14952 C:\Users\Zach\Desktop\Work\School\Digital Electronics\VHDL Stuff\project_3\project_3b\project_3b.xpr
# Log file: C:/Users/Zach/Desktop/Work/School/Digital Electronics/VHDL Stuff/project_3/project_3b/vivado.log
# Journal file: C:/Users/Zach/Desktop/Work/School/Digital Electronics/VHDL Stuff/project_3/project_3b\vivado.jou
#-----------------------------------------------------------
start_gui
open_project {C:/Users/Zach/Desktop/Work/School/Digital Electronics/VHDL Stuff/project_3/project_3b/project_3b.xpr}
INFO: [ProjectBase 1-489] The host OS only allows 260 characters in a normal path. The project is stored in a path with more than 80 characters. If you experience issues with IP, Block Designs, or files not being found, please consider moving the project to a location with a shorter path. Alternately consider using the OS subst command to map part of the path to a drive letter.
Current project path is 'C:/Users/Zach/Desktop/Work/School/Digital Electronics/VHDL Stuff/project_3/project_3b'
Scanning sources...
Finished scanning sources
INFO: [IP_Flow 19-234] Refreshing IP repositories
INFO: [IP_Flow 19-1704] No user IP repositories specified
INFO: [IP_Flow 19-2313] Loaded Vivado IP repository 'C:/Xilinx/Vivado/2019.2/data/ip'.
open_project: Time (s): cpu = 00:00:17 ; elapsed = 00:00:07 . Memory (MB): peak = 805.043 ; gain = 168.887
update_compile_order -fileset sources_1
exit
INFO: [Common 17-206] Exiting Vivado at Wed Mar  4 11:22:19 2020...
