#-----------------------------------------------------------
# Vivado v2019.2 (64-bit)
# SW Build 2708876 on Wed Nov  6 21:40:23 MST 2019
# IP Build 2700528 on Thu Nov  7 00:09:20 MST 2019
# Start of session at: Wed Mar  4 14:12:07 2020
# Process ID: 4280
# Current directory: C:/Users/Zach/Desktop/Work/School/Digital Electronics/VHDL Stuff/project_3/project_3a
# Command line: vivado.exe -gui_launcher_event rodinguilauncherevent20244 C:\Users\Zach\Desktop\Work\School\Digital Electronics\VHDL Stuff\project_3\project_3a\project_3a.xpr
# Log file: C:/Users/Zach/Desktop/Work/School/Digital Electronics/VHDL Stuff/project_3/project_3a/vivado.log
# Journal file: C:/Users/Zach/Desktop/Work/School/Digital Electronics/VHDL Stuff/project_3/project_3a\vivado.jou
#-----------------------------------------------------------
start_gui
open_project {C:/Users/Zach/Desktop/Work/School/Digital Electronics/VHDL Stuff/project_3/project_3a/project_3a.xpr}
INFO: [ProjectBase 1-489] The host OS only allows 260 characters in a normal path. The project is stored in a path with more than 80 characters. If you experience issues with IP, Block Designs, or files not being found, please consider moving the project to a location with a shorter path. Alternately consider using the OS subst command to map part of the path to a drive letter.
Current project path is 'C:/Users/Zach/Desktop/Work/School/Digital Electronics/VHDL Stuff/project_3/project_3a'
Scanning sources...
Finished scanning sources
INFO: [IP_Flow 19-234] Refreshing IP repositories
INFO: [IP_Flow 19-1704] No user IP repositories specified
INFO: [IP_Flow 19-2313] Loaded Vivado IP repository 'C:/Xilinx/Vivado/2019.2/data/ip'.
open_project: Time (s): cpu = 00:00:22 ; elapsed = 00:00:10 . Memory (MB): peak = 792.176 ; gain = 152.180
update_compile_order -fileset sources_1
open_hw_manager
connect_hw_server -allow_non_jtag
INFO: [Labtools 27-2285] Connecting to hw_server url TCP:localhost:3121
INFO: [Labtools 27-2222] Launching hw_server...
INFO: [Labtools 27-2221] Launch Output:

****** Xilinx hw_server v2019.2
  **** Build date : Nov  6 2019 at 22:12:23
    ** Copyright 1986-2019 Xilinx, Inc. All Rights Reserved.


INFO: [Labtools 27-3415] Connecting to cs_server url TCP:localhost:3042
INFO: [Labtools 27-3417] Launching cs_server...
INFO: [Labtools 27-2221] Launch Output:


****** Xilinx cs_server v2019.2.0
  **** Build date : Nov 06 2019-23:28:22
    ** Copyright 2017-2019 Xilinx, Inc. All Rights Reserved.



connect_hw_server: Time (s): cpu = 00:00:02 ; elapsed = 00:00:15 . Memory (MB): peak = 875.313 ; gain = 10.180
open_hw_target
INFO: [Labtoolstcl 44-466] Opening hw_target localhost:3121/xilinx_tcf/Digilent/210183739868A
open_hw_target: Time (s): cpu = 00:00:06 ; elapsed = 00:00:07 . Memory (MB): peak = 2110.266 ; gain = 1234.953
set_property PROGRAM.FILE {C:/Users/Zach/Desktop/Work/School/Digital Electronics/VHDL Stuff/project_3/project_3a/project_3a.runs/impl_1/top_displayBCD.bit} [get_hw_devices xc7a35t_0]
current_hw_device [get_hw_devices xc7a35t_0]
refresh_hw_device -update_hw_probes false [lindex [get_hw_devices xc7a35t_0] 0]
INFO: [Labtools 27-1434] Device xc7a35t (JTAG device index = 0) is programmed with a design that has no supported debug core(s) in it.
set_property PROBES.FILE {} [get_hw_devices xc7a35t_0]
set_property FULL_PROBES.FILE {} [get_hw_devices xc7a35t_0]
set_property PROGRAM.FILE {C:/Users/Zach/Desktop/Work/School/Digital Electronics/VHDL Stuff/project_3/project_3a/project_3a.runs/impl_1/top_displayBCD.bit} [get_hw_devices xc7a35t_0]
program_hw_devices [get_hw_devices xc7a35t_0]
INFO: [Labtools 27-3164] End of startup status: HIGH
refresh_hw_device [lindex [get_hw_devices xc7a35t_0] 0]
INFO: [Labtools 27-1434] Device xc7a35t (JTAG device index = 0) is programmed with a design that has no supported debug core(s) in it.
exit
INFO: [Common 17-206] Exiting Vivado at Wed Mar  4 14:14:00 2020...
