#-----------------------------------------------------------
# Vivado v2019.2 (64-bit)
# SW Build 2708876 on Wed Nov  6 21:40:23 MST 2019
# IP Build 2700528 on Thu Nov  7 00:09:20 MST 2019
# Start of session at: Wed Mar  4 11:19:11 2020
# Process ID: 17336
# Current directory: C:/Users/Zach/Desktop/Work/School/Digital Electronics/VHDL Stuff/project_3/project_3a
# Command line: vivado.exe -gui_launcher_event rodinguilauncherevent8976 C:\Users\Zach\Desktop\Work\School\Digital Electronics\VHDL Stuff\project_3\project_3a\project_3a.xpr
# Log file: C:/Users/Zach/Desktop/Work/School/Digital Electronics/VHDL Stuff/project_3/project_3a/vivado.log
# Journal file: C:/Users/Zach/Desktop/Work/School/Digital Electronics/VHDL Stuff/project_3/project_3a\vivado.jou
#-----------------------------------------------------------
start_gui
open_project {C:/Users/Zach/Desktop/Work/School/Digital Electronics/VHDL Stuff/project_3/project_3a/project_3a.xpr}
INFO: [ProjectBase 1-489] The host OS only allows 260 characters in a normal path. The project is stored in a path with more than 80 characters. If you experience issues with IP, Block Designs, or files not being found, please consider moving the project to a location with a shorter path. Alternately consider using the OS subst command to map part of the path to a drive letter.
Current project path is 'C:/Users/Zach/Desktop/Work/School/Digital Electronics/VHDL Stuff/project_3/project_3a'
CRITICAL WARNING: [Project 1-19] Could not find the file 'C:/Users/Zach/Desktop/Work/School/Digital Electronics/VHDL Stuff/project_3/project_3a/project_3a.srcs/sources_1/imports/new/displayASCII.vhd'.
CRITICAL WARNING: [Project 1-19] Could not find the file 'C:/Users/Zach/Desktop/Work/School/Digital Electronics/VHDL Stuff/project_3/project_3a/project_3a.srcs/sources_1/imports/new/top_displayASCII.vhd'.
Scanning sources...
Finished scanning sources
INFO: [IP_Flow 19-234] Refreshing IP repositories
INFO: [IP_Flow 19-1704] No user IP repositories specified
INFO: [IP_Flow 19-2313] Loaded Vivado IP repository 'C:/Xilinx/Vivado/2019.2/data/ip'.
open_project: Time (s): cpu = 00:00:17 ; elapsed = 00:00:07 . Memory (MB): peak = 812.160 ; gain = 171.563
update_compile_order -fileset sources_1
exit
INFO: [Common 17-206] Exiting Vivado at Wed Mar  4 11:19:47 2020...
