#-----------------------------------------------------------
# Vivado v2019.2 (64-bit)
# SW Build 2708876 on Wed Nov  6 21:40:23 MST 2019
# IP Build 2700528 on Thu Nov  7 00:09:20 MST 2019
# Start of session at: Wed Feb 26 15:19:14 2020
# Process ID: 19280
# Current directory: C:/Users/Zach/Desktop/Work/School/Digital Electronics/VHDL Stuff/project_2
# Command line: vivado.exe -gui_launcher_event rodinguilauncherevent14724 C:\Users\Zach\Desktop\Work\School\Digital Electronics\VHDL Stuff\project_2\project_2.xpr
# Log file: C:/Users/Zach/Desktop/Work/School/Digital Electronics/VHDL Stuff/project_2/vivado.log
# Journal file: C:/Users/Zach/Desktop/Work/School/Digital Electronics/VHDL Stuff/project_2\vivado.jou
#-----------------------------------------------------------
start_gui
open_project {C:/Users/Zach/Desktop/Work/School/Digital Electronics/VHDL Stuff/project_2/project_2.xpr}
Scanning sources...
Finished scanning sources
INFO: [IP_Flow 19-234] Refreshing IP repositories
INFO: [IP_Flow 19-1704] No user IP repositories specified
INFO: [IP_Flow 19-2313] Loaded Vivado IP repository 'C:/Xilinx/Vivado/2019.2/data/ip'.
open_project: Time (s): cpu = 00:00:16 ; elapsed = 00:00:08 . Memory (MB): peak = 766.324 ; gain = 128.617
update_compile_order -fileset sources_1
exit
INFO: [Common 17-206] Exiting Vivado at Wed Feb 26 16:30:25 2020...
